  GameObject.cpp
C:\Users\msw47\OneDrive\바탕 화면\25_SBSProgramming3\Programming3\Test\GameObject.h(55,9): error C2065: 'cout': 선언되지 않은 식별자입니다.
  (소스 파일 'GameObject.cpp'을(를) 컴파일하는 중)
  
C:\Users\msw47\OneDrive\바탕 화면\25_SBSProgramming3\Programming3\Test\GameObject.h(61,16): error C2065: 'endl': 선언되지 않은 식별자입니다.
  (소스 파일 'GameObject.cpp'을(를) 컴파일하는 중)
  
  Test_main.cpp
  코드를 생성하고 있습니다...
